INFO         | Android emulator version 36.5.10.0 (build_id 15081367) (CL:N/A)
INFO         | Graphics backend: gfxstream
INFO         | Found systemPath /home/yuval/Android/system-images/android-36.1/google_apis/x86_64/
WARNING      | Please update the emulator to one that supports the feature(s): VulkanVirtualQueue
INFO         | Guest GLES Driver: Auto (ext controls)
INFO         | emuglConfig_init: vulkan_mode_selected:swiftshader gles_mode_selected:swiftshader
INFO         | Checking system compatibility:
INFO         |   Checking: hasSufficientDiskSpace
INFO         |      Ok: Disk space requirements to run avd: `pixel_8_pro` are met
INFO         |   Checking: hasSufficientHwGpu
INFO         |      Ok: Hardware GPU compatibility checks are not required
INFO         |   Checking: hasSufficientSystem
INFO         |      Ok: System requirements to run avd: `pixel_8_pro` are met
INFO         | Warning: Could not find the Qt platform plugin "wayland" in "/home/yuval/Android/emulator/lib64/qt/plugins" (:0, )
INFO         | Storing crashdata in: /tmp/android-yuval/emu-crash-36.5.10.db, detection is enabled for process: 14241
INFO         | Initializing gfxstream backend
INFO         | android_startOpenglesRenderer: gpu info
INFO         | 
INFO         | initIcdPaths: ICD set to 'swiftshader', using Swiftshader ICD
INFO         | Setting ICD filenames for the loader = /home/yuval/Android/emulator/lib64/vulkan/vk_swiftshader_icd.json
INFO         | SharedLibrary::open for [/home/yuval/Android/emulator/qemu/linux-x86_64/lib64/vulkan/libvulkan.so]
INFO         | SharedLibrary::open for [/home/yuval/Android/emulator/qemu/linux-x86_64/lib64/vulkan/libvulkan.so.1]
INFO         | SharedLibrary::open for [/home/yuval/Android/emulator/lib64/vulkan/libvulkan.so]
INFO         | Added library: /home/yuval/Android/emulator/lib64/vulkan/libvulkan.so
INFO         | Selecting Vulkan device: SwiftShader Device (Subzero), Version: 1.3.0
INFO         | SharedLibrary::open for [libX11]
INFO         | SharedLibrary::open for [libX11-xcb]
WARNING      | Could not open libX11-xcb.so, try libX11-xcb.so.1
INFO         | SharedLibrary::open for [libX11-xcb.so.1]
INFO         | Initializing VkEmulation features:
INFO         |     glInteropSupported: false
INFO         |     useDeferredCommands: true
INFO         |     createResourceWithRequirements: true
INFO         |     useVulkanComposition: false
INFO         |     useVulkanNativeSwapchain: false
INFO         |     enable guestRenderDoc: false
INFO         |     ASTC LDR emulation mode: Gpu
INFO         |     enable ETC2 emulation: true
INFO         |     enable Ycbcr emulation: false
INFO         |     guestVulkanOnly: false
INFO         |     useDedicatedAllocations: false
INFO         |     guestVulkanMaxApiVersion: 1.4.344
INFO         | Graphics Adapter Vendor Google (Google Inc.)
INFO         | Graphics Adapter Android Emulator OpenGL ES Translator (Google SwiftShader)
INFO         | Graphics API Version OpenGL ES 3.0 (OpenGL ES 3.0 SwiftShader 4.0.0.1)
INFO         | Graphics API Extensions GL_OES_EGL_sync GL_OES_EGL_image GL_OES_EGL_image_external GL_OES_depth24 GL_OES_depth32 GL_OES_element_index_uint GL_OES_texture_float GL_OES_texture_float_linear GL_OES_compressed_paletted_texture GL_OES_compressed_ETC1_RGB8_texture GL_OES_depth_texture GL_OES_texture_half_float GL_OES_texture_half_float_linear GL_OES_packed_depth_stencil GL_OES_vertex_half_float GL_OES_standard_derivatives GL_OES_texture_npot GL_OES_rgb8_rgba8 GL_EXT_color_buffer_float GL_EXT_color_buffer_half_float GL_EXT_texture_format_BGRA8888 GL_APPLE_texture_format_BGRA8888 
INFO         | Graphics Device Extensions N/A
INFO         | Disabling sparse binding feature support
INFO         | Sending adb public key [QAAAALcg+4b5QiJZNP1AJlngwsRAkT86CshvXeUr9RxFuIoAqvz/EDb5jYdcC22/TiMkSCwsrKiW+rQ5wbONlMpvjijEQLObr8M3bCZIi7FLMyHHbEzlY28JhzSrYs2olNxzC5foTDgYnGj489QYFE3FOGJUm02FGA71mGCnirp9Zl7WBe/ey3kdHlum9cP/hDWc3vyn96zaOOHMhKYoMBAgSkxtur6vveMGREC4xs/V7yff2kJPFoLBX3l8PReyZWYqq+pH+9kGI0XgR9eNemvzAFV0511yhHb6AhER5n3hY957I30CqQl7wPIjXRMtVnPwgYdkSqdg595dMRXvlHckMyML2Ci1bRce+hhlO+4gDZcZByVpTzCZtnK+/PKQkCx/BcqMx/aMf0vAY7ZwkWIHTUwv3BpT+e/c5MBfViZSEhWQ7MqMgYxRCCezwHFBGlAVVlsZ3Y6EbVz1NbgbgMsW5W54Ueej7UNn7Ebi8P2mDY/vTXAzFSIUaYGynFj1Xln+td+Eobll3RnwfdEerhKwm4CgfNeEW29d/+0/Na5y2tqaPrHly0iAvQtg/Z5bpBbym7iSk3o2IHRNLXF1zuP/f8U/RR7J0R3XHd30E4+sVjdxg/bhZLfVNWncGBrQlnL3BNjF1f0KBRusCozzwVWc560sAKh/RzC3v1XIyCy8cmaTA9iaRQEAAQA= yuval@unknown]
INFO         | Userspace boot properties:
INFO         |   androidboot.boot_devices=pci0000:00/0000:00:03.0 pci0000:00/0000:00:06.0
INFO         |   androidboot.dalvik.vm.heapsize=576m
INFO         |   androidboot.debug.hwui.renderer=skiagl
INFO         |   androidboot.hardware=ranchu
INFO         |   androidboot.hardware.gltransport=pipe
INFO         |   androidboot.hardware.vulkan=ranchu
INFO         |   androidboot.logcat=*:V
INFO         |   androidboot.opengles.version=196608
INFO         |   androidboot.qemu=1
INFO         |   androidboot.qemu.adb.pubkey=QAAAALcg+4b5QiJZNP1AJlngwsRAkT86CshvXeUr9RxFuIoAqvz/EDb5jYdcC22/TiMkSCwsrKiW+rQ5wbONlMpvjijEQLObr8M3bCZIi7FLMyHHbEzlY28JhzSrYs2olNxzC5foTDgYnGj489QYFE3FOGJUm02FGA71mGCnirp9Zl7WBe/ey3kdHlum9cP/hDWc3vyn96zaOOHMhKYoMBAgSkxtur6vveMGREC4xs/V7yff2kJPFoLBX3l8PReyZWYqq+pH+9kGI0XgR9eNemvzAFV0511yhHb6AhER5n3hY957I30CqQl7wPIjXRMtVnPwgYdkSqdg595dMRXvlHckMyML2Ci1bRce+hhlO+4gDZcZByVpTzCZtnK+/PKQkCx/BcqMx/aMf0vAY7ZwkWIHTUwv3BpT+e/c5MBfViZSEhWQ7MqMgYxRCCezwHFBGlAVVlsZ3Y6EbVz1NbgbgMsW5W54Ueej7UNn7Ebi8P2mDY/vTXAzFSIUaYGynFj1Xln+td+Eobll3RnwfdEerhKwm4CgfNeEW29d/+0/Na5y2tqaPrHly0iAvQtg/Z5bpBbym7iSk3o2IHRNLXF1zuP/f8U/RR7J0R3XHd30E4+sVjdxg/bhZLfVNWncGBrQlnL3BNjF1f0KBRusCozzwVWc560sAKh/RzC3v1XIyCy8cmaTA9iaRQEAAQA= yuval@unknown
INFO         |   androidboot.qemu.avd_name=pixel_8_pro
INFO         |   androidboot.qemu.camera_hq_edge_processing=0
INFO         |   androidboot.qemu.camera_protocol_ver=1
INFO         |   androidboot.qemu.cpuvulkan.version=4202496
INFO         |   androidboot.qemu.gltransport.drawFlushInterval=800
INFO         |   androidboot.qemu.gltransport.name=pipe
INFO         |   androidboot.qemu.hwcodec.avcdec=2
INFO         |   androidboot.qemu.hwcodec.hevcdec=2
INFO         |   androidboot.qemu.hwcodec.vpxdec=2
INFO         |   androidboot.qemu.settings.system.screen_off_timeout=2147483647
INFO         |   androidboot.qemu.skin=1344x2992
INFO         |   androidboot.qemu.virtiowifi=1
INFO         |   androidboot.qemu.vsync=60
INFO         |   androidboot.serialno=EMULATOR36X5X10X0
INFO         |   androidboot.vbmeta.digest=bfe3f95f17d2d67ea81b07d4846e4fe2c540e4ae1d6d915fdb211c48ced53ba5
INFO         |   androidboot.vbmeta.hash_alg=sha256
INFO         |   androidboot.vbmeta.size=6720
INFO         |   androidboot.veritymode=enforcing
WARNING: cannnot unmap ptr 0x77aae6ceb000 as it is in the protected range from 0x77aae6ceb000 to 0x77ace6eeb000
WARNING: cannnot unmap ptr 0x77ace6e01000 as it is in the protected range from 0x77aae6ceb000 to 0x77ace6eeb000
pc_memory_init: above 4g size: 140000000
INFO         | Monitoring duration of emulator setup.
WARNING      | The emulator now requires a signed jwt token for gRPC access! Use the -grpc flag if you really want an open unprotected grpc port
INFO         | Using security allow list from: /home/yuval/Android/emulator/lib/emulator_access.json
WARNING      | *** Basic token auth should only be used by android-studio ***
INFO         | The active JSON Web Key Sets can be found here: /run/user/1000/avd/running/14241/jwks/6af031cb-582b-4be5-acd9-6031d6eaa9ed/active.jwk
INFO         | Scanning /run/user/1000/avd/running/14241/jwks/6af031cb-582b-4be5-acd9-6031d6eaa9ed for jwk keys.
INFO         | Started GRPC server at 127.0.0.1:8554, security: Local, auth: +token
INFO         | Advertising in: /run/user/1000/avd/running/pid_14241.ini
INFO         | Successfully initialized netsim WiFi
INFO         | Activated packet streamer for bluetooth emulation
INFO         | Activated packet streamer for uwb emulation
INFO         | Setting display: 0 configuration to: 1344x2992, dpi: 480x480 
INFO         | setDisplayActiveConfig: id:0, 1344x2992
INFO         | emulatorSetupEnvironment: Setting up screen background view and display layout at env:1344x2992, lcd:1344x2992
INFO         | emulatorSetupEnvironment: Environment scene is not required
INFO         | Checking system compatibility:
INFO         |   Checking: hasSufficientDiskSpace
INFO         |      Ok: Disk space requirements to run avd: `pixel_8_pro` are met
INFO         |   Checking: hasSufficientHwGpu
INFO         |      Ok: Hardware GPU compatibility checks are not required
INFO         |   Checking: hasSufficientSystem
INFO         |      Ok: System requirements to run avd: `pixel_8_pro` are met
USER_INFO    | Emulator is performing a full startup. This may take upto two minutes, or more.
INFO         | Warning: QMetaObject::connectSlotsByName: No matching signal for on_rgbcSensorValueWidget_valueChanged() (:0, )
INFO         | Warning: QMetaObject::connectSlotsByName: No matching signal for on_posture_valueChanged(int) (:0, )
INFO         | Warning: QObject::connect: Cannot queue arguments of type 'std::vector<android::emulation::control::SnapshotInfo>'
(Make sure 'std::vector<android::emulation::control::SnapshotInfo>' is registered using qRegisterMetaType().) (:0, )
INFO         | AVD supportsNativeGLES=1, supportsGuestAngle=1
INFO         | Guest Angle is still unstable for API > 35.
INFO         | Warning: QObject::connect: No such signal ToolWindow::microphoneEnabledChanged() in /buildbot/src/googleplex-android/emu-36-5-release/external/qemu/android/android-ui/modules/aemu-ui-qt/src/android/skin/qt/extended-window.cpp:160 (:0, )
INFO         | Warning: QObject::connect:  (sender name:   'ToolControls') (:0, )
INFO         | Warning: QObject::connect:  (receiver name: 'microphonePage') (:0, )
INFO         | Warning: QObject::connect: No such signal MicrophonePage::microphoneEnabledChanged() in /buildbot/src/googleplex-android/emu-36-5-release/external/qemu/android/android-ui/modules/aemu-ui-qt/src/android/skin/qt/extended-window.cpp:162 (:0, )
INFO         | Warning: QObject::connect:  (sender name:   'microphonePage') (:0, )
INFO         | Warning: QObject::connect:  (receiver name: 'ToolControls') (:0, )
INFO         | Created extended window in 977.719ms
/buildbot/src/googleplex-android/emu-36-5-release/hardware/google/gfxstream/host/gl/glestranslator/gles_v2/gles_v2_imp.cpp:glAttachShader:509 error 0x502
/buildbot/src/googleplex-android/emu-36-5-release/hardware/google/gfxstream/host/gl/glestranslator/gles_v2/gles_v2_imp.cpp:glAttachShader:509 error 0x502
/buildbot/src/googleplex-android/emu-36-5-release/hardware/google/gfxstream/host/gl/glestranslator/gles_v2/gles_v2_imp.cpp:glAttachShader:509 error 0x502
/buildbot/src/googleplex-android/emu-36-5-release/hardware/google/gfxstream/host/gl/glestranslator/gles_v2/gles_v2_imp.cpp:glAttachShader:509 error 0x502
/buildbot/src/googleplex-android/emu-36-5-release/hardware/google/gfxstream/host/gl/glestranslator/gles_v2/gles_v2_imp.cpp:glAttachShader:509 error 0x502
/buildbot/src/googleplex-android/emu-36-5-release/hardware/google/gfxstream/host/gl/glestranslator/gles_v2/gles_v2_imp.cpp:glAttachShader:509 error 0x502
/buildbot/src/googleplex-android/emu-36-5-release/hardware/google/gfxstream/host/gl/glestranslator/gles_v2/gles_v2_imp.cpp:glAttachShader:509 error 0x502
/buildbot/src/googleplex-android/emu-36-5-release/hardware/google/gfxstream/host/gl/glestranslator/gles_v2/gles_v2_imp.cpp:glAttachShader:509 error 0x502
/buildbot/src/googleplex-android/emu-36-5-release/hardware/google/gfxstream/host/gl/glestranslator/gles_v2/gles_v2_imp.cpp:glAttachShader:509 error 0x502
/buildbot/src/googleplex-android/emu-36-5-release/hardware/google/gfxstream/host/gl/glestranslator/gles_v2/gles_v2_imp.cpp:glAttachShader:509 error 0x502
/buildbot/src/googleplex-android/emu-36-5-release/hardware/google/gfxstream/host/gl/glestranslator/gles_v2/gles_v2_imp.cpp:glAttachShader:509 error 0x502
/buildbot/src/googleplex-android/emu-36-5-release/hardware/google/gfxstream/host/gl/glestranslator/gles_v2/gles_v2_imp.cpp:glAttachShader:509 error 0x502
INFO         | Boot completed in 63296 ms
INFO         | Increasing screen off timeout, logcat buffer size to 2M.
/buildbot/src/googleplex-android/emu-36-5-release/hardware/google/gfxstream/host/gl/glestranslator/gles_v2/gles_v2_imp.cpp:glAttachShader:509 error 0x502
/buildbot/src/googleplex-android/emu-36-5-release/hardware/google/gfxstream/host/gl/glestranslator/gles_v2/gles_v2_imp.cpp:glAttachShader:509 error 0x502
/buildbot/src/googleplex-android/emu-36-5-release/hardware/google/gfxstream/host/gl/glestranslator/gles_v2/gles_v2_imp.cpp:glAttachShader:509 error 0x502
/buildbot/src/googleplex-android/emu-36-5-release/hardware/google/gfxstream/host/gl/glestranslator/gles_v2/gles_v2_imp.cpp:glAttachShader:509 error 0x502
/buildbot/src/googleplex-android/emu-36-5-release/hardware/google/gfxstream/host/gl/glestranslator/gles_v2/gles_v2_imp.cpp:glAttachShader:509 error 0x502
/buildbot/src/googleplex-android/emu-36-5-release/hardware/google/gfxstream/host/gl/glestranslator/gles_v2/gles_v2_imp.cpp:glAttachShader:509 error 0x502
/buildbot/src/googleplex-android/emu-36-5-release/hardware/google/gfxstream/host/gl/glestranslator/gles_v2/gles_v2_imp.cpp:glAttachShader:509 error 0x502
/buildbot/src/googleplex-android/emu-36-5-release/hardware/google/gfxstream/host/gl/glestranslator/gles_v2/gles_v2_imp.cpp:glAttachShader:509 error 0x502
/buildbot/src/googleplex-android/emu-36-5-release/hardware/google/gfxstream/host/gl/glestranslator/gles_v2/gles_v2_imp.cpp:glAttachShader:509 error 0x502
/buildbot/src/googleplex-android/emu-36-5-release/hardware/google/gfxstream/host/gl/glestranslator/gles_v2/gles_v2_imp.cpp:glAttachShader:509 error 0x502
/buildbot/src/googleplex-android/emu-36-5-release/hardware/google/gfxstream/host/gl/glestranslator/gles_v2/gles_v2_imp.cpp:glAttachShader:509 error 0x502
/buildbot/src/googleplex-android/emu-36-5-release/hardware/google/gfxstream/host/gl/glestranslator/gles_v2/gles_v2_imp.cpp:glAttachShader:509 error 0x502
/buildbot/src/googleplex-android/emu-36-5-release/hardware/google/gfxstream/host/gl/glestranslator/gles_v2/gles_v2_imp.cpp:glAttachShader:509 error 0x502
/buildbot/src/googleplex-android/emu-36-5-release/hardware/google/gfxstream/host/gl/glestranslator/gles_v2/gles_v2_imp.cpp:glAttachShader:509 error 0x502
/buildbot/src/googleplex-android/emu-36-5-release/hardware/google/gfxstream/host/gl/glestranslator/gles_v2/gles_v2_imp.cpp:glAttachShader:509 error 0x502
/buildbot/src/googleplex-android/emu-36-5-release/hardware/google/gfxstream/host/gl/glestranslator/gles_v2/gles_v2_imp.cpp:glAttachShader:509 error 0x502
/buildbot/src/googleplex-android/emu-36-5-release/hardware/google/gfxstream/host/gl/glestranslator/gles_v2/gles_v2_imp.cpp:glAttachShader:509 error 0x502
/buildbot/src/googleplex-android/emu-36-5-release/hardware/google/gfxstream/host/gl/glestranslator/gles_v2/gles_v2_imp.cpp:glAttachShader:509 error 0x502
/buildbot/src/googleplex-android/emu-36-5-release/hardware/google/gfxstream/host/gl/glestranslator/gles_v2/gles_v2_imp.cpp:glAttachShader:509 error 0x502
/buildbot/src/googleplex-android/emu-36-5-release/hardware/google/gfxstream/host/gl/glestranslator/gles_v2/gles_v2_imp.cpp:glAttachShader:509 error 0x502
INFO         | Warning: scroll event from unregistered device 8 (:0, )
INFO         | Warning: scroll event from unregistered device 8 (:0, )
INFO         | Created VkInstance:0x5c0344747000 for application:'' engine:''.
INFO         | Destroyed VkInstance:0x5c0344747000 for application:'' engine:''.
INFO         | Warning: scroll event from unregistered device 8 (:0, )
INFO         | Warning: scroll event from unregistered device 8 (:0, )
USER_INFO    | Snapshots have been disabled by the user, save request is ignored.
INFO         | INFO        Wait for emulator (pid 14241) 20 seconds to shutdown gracefully before kill;you can set environment variable ANDROID_EMULATOR_WAIT_TIME_BEFORE_KILL(in seconds) to change the default value (20 seconds)

 | Saving snapshot 'default_boot' using 3 ms
INFO         | Wait for emulator (pid 14241) 20 seconds to shutdown gracefully before kill;you can set environment variable ANDROID_EMULATOR_WAIT_TIME_BEFORE_KILL(in seconds) to change the default value (20 seconds)

INFO         | Wait for emulator (pid 14241) 20 seconds to shutdown gracefully before kill;you can set environment variable ANDROID_EMULATOR_WAIT_TIME_BEFORE_KILL(in seconds) to change the default value (20 seconds)

[28753:28753:20260413,165818.581917:WARNING crashpad_client_linux.cc:431] prctl: Invalid argument (22)
[28754:28754:20260413,165818.581923:WARNING crashpad_client_linux.cc:431] prctl: Invalid argument (22)
[28755:28755:20260413,165818.701440:WARNING crashpad_client_linux.cc:431] prctl: Invalid argument (22)
INFO         | Warning: internal error:  void QXcbWindow::setNetWmStateOnUnmappedWindow() called on mapped window (:0, )
ERROR        | stop: Not implemented
WARNING      | Netsim Wifi localhost:39693 is gone due to CANCELLED
